<?xml version="1.0" encoding="UTF-8"?>
<!-- Generated by org.testng.reporters.JUnitXMLReporter -->
<testsuite ignored="0" hostname="LAPTOP-43PCSA7J" failures="0" tests="3" name="APITesting" time="65.931" errors="0" timestamp="2022-04-26T21:10:45 PDT">
  <testcase classname="com.Testcases.AutomationPracticeWebsiteTestcase" name="testsignin" time="19.246"/>
  <testcase classname="com.Testcases.AutomationPracticeWebsiteTestcase" name="testCreateAccount" time="25.725"/>
  <testcase classname="com.Testcases.AutomationPracticeWebsiteTestcase" name="LogIN" time="6.222"/>
</testsuite> <!-- APITesting -->
