<?xml version="1.0" encoding="UTF-8"?>
<!-- Generated by org.testng.reporters.JUnitXMLReporter -->
<testsuite ignored="0" hostname="LAPTOP-43PCSA7J" failures="0" tests="6" name="APITesting" time="12.13" errors="0" timestamp="2022-04-25T13:22:23 PDT">
  <testcase classname="com.Testcases.TC_02_CreateUser" name="validateCreateUser" time="8.751"/>
  <testcase classname="com.Testcases.TC_02_CreateUser" name="GetCreatedUserByID" time="0.65"/>
  <testcase classname="com.Testcases.TC_02_CreateUser" name="validateCreateOrder" time="0.571"/>
  <testcase classname="com.Testcases.TC_02_CreateUser" name="validateUpdateUser" time="0.626"/>
  <testcase classname="com.Testcases.TC_02_CreateUser" name="validatedeleteUser" time="0.551"/>
  <testcase classname="com.Testcases.TC_02_CreateUser" name="validatedeleteorder" time="0.599"/>
</testsuite> <!-- APITesting -->
