<?xml version="1.0" encoding="UTF-8"?>
<testng-results ignored="0" total="6" passed="6" failed="0" skipped="0">
  <reporter-output>
  </reporter-output>
  <suite started-at="2022-04-25T13:22:11 PDT" name="Suite1" finished-at="2022-04-25T13:22:23 PDT" duration-ms="12130">
    <groups>
    </groups>
    <test started-at="2022-04-25T13:22:11 PDT" name="APITesting" finished-at="2022-04-25T13:22:23 PDT" duration-ms="12130">
      <class name="com.Testcases.TC_02_CreateUser">
        <test-method signature="validateCreateUser()[pri:1, instance:com.Testcases.TC_02_CreateUser@5d28bcd5]" started-at="2022-04-25T13:22:11 PDT" name="validateCreateUser" finished-at="2022-04-25T13:22:20 PDT" duration-ms="8751" status="PASS">
          <reporter-output>
          </reporter-output>
        </test-method> <!-- validateCreateUser -->
        <test-method signature="GetCreatedUserByID()[pri:2, instance:com.Testcases.TC_02_CreateUser@5d28bcd5]" started-at="2022-04-25T13:22:20 PDT" name="GetCreatedUserByID" finished-at="2022-04-25T13:22:21 PDT" duration-ms="650" status="PASS">
          <reporter-output>
          </reporter-output>
        </test-method> <!-- GetCreatedUserByID -->
        <test-method signature="validateCreateOrder()[pri:2, instance:com.Testcases.TC_02_CreateUser@5d28bcd5]" started-at="2022-04-25T13:22:21 PDT" name="validateCreateOrder" finished-at="2022-04-25T13:22:21 PDT" duration-ms="571" status="PASS">
          <reporter-output>
          </reporter-output>
        </test-method> <!-- validateCreateOrder -->
        <test-method signature="validateUpdateUser()[pri:3, instance:com.Testcases.TC_02_CreateUser@5d28bcd5]" started-at="2022-04-25T13:22:21 PDT" name="validateUpdateUser" finished-at="2022-04-25T13:22:22 PDT" duration-ms="626" status="PASS">
          <reporter-output>
          </reporter-output>
        </test-method> <!-- validateUpdateUser -->
        <test-method signature="validatedeleteUser()[pri:4, instance:com.Testcases.TC_02_CreateUser@5d28bcd5]" started-at="2022-04-25T13:22:22 PDT" name="validatedeleteUser" finished-at="2022-04-25T13:22:22 PDT" duration-ms="551" status="PASS">
          <reporter-output>
          </reporter-output>
        </test-method> <!-- validatedeleteUser -->
        <test-method signature="validatedeleteorder()[pri:5, instance:com.Testcases.TC_02_CreateUser@5d28bcd5]" started-at="2022-04-25T13:22:22 PDT" name="validatedeleteorder" finished-at="2022-04-25T13:22:23 PDT" duration-ms="599" status="PASS">
          <reporter-output>
          </reporter-output>
        </test-method> <!-- validatedeleteorder -->
      </class> <!-- com.Testcases.TC_02_CreateUser -->
    </test> <!-- APITesting -->
  </suite> <!-- Suite1 -->
</testng-results>
