<?xml version="1.0" encoding="UTF-8"?>
<testng-results ignored="0" total="3" passed="3" failed="0" skipped="0">
  <reporter-output>
  </reporter-output>
  <suite started-at="2022-04-26T21:09:39 PDT" name="Suite1" finished-at="2022-04-26T21:10:45 PDT" duration-ms="65931">
    <groups>
    </groups>
    <test started-at="2022-04-26T21:09:39 PDT" name="APITesting" finished-at="2022-04-26T21:10:45 PDT" duration-ms="65931">
      <class name="com.Testcases.AutomationPracticeWebsiteTestcase">
        <test-method signature="testsignin()[pri:1, instance:com.Testcases.AutomationPracticeWebsiteTestcase@1e6308a9]" started-at="2022-04-26T21:09:53 PDT" name="testsignin" finished-at="2022-04-26T21:10:13 PDT" duration-ms="19246" status="PASS">
          <reporter-output>
          </reporter-output>
        </test-method> <!-- testsignin -->
        <test-method signature="testCreateAccount()[pri:0, instance:com.Testcases.AutomationPracticeWebsiteTestcase@1e6308a9]" started-at="2022-04-26T21:10:13 PDT" name="testCreateAccount" finished-at="2022-04-26T21:10:38 PDT" depends-on-methods="com.Testcases.AutomationPracticeWebsiteTestcase.testsignin" duration-ms="25725" status="PASS">
          <reporter-output>
          </reporter-output>
        </test-method> <!-- testCreateAccount -->
        <test-method signature="LogIN()[pri:0, instance:com.Testcases.AutomationPracticeWebsiteTestcase@1e6308a9]" started-at="2022-04-26T21:10:38 PDT" name="LogIN" finished-at="2022-04-26T21:10:45 PDT" depends-on-methods="com.Testcases.AutomationPracticeWebsiteTestcase.testCreateAccount" duration-ms="6222" status="PASS">
          <reporter-output>
          </reporter-output>
        </test-method> <!-- LogIN -->
      </class> <!-- com.Testcases.AutomationPracticeWebsiteTestcase -->
    </test> <!-- APITesting -->
  </suite> <!-- Suite1 -->
</testng-results>
