<?xml version="1.0" encoding="UTF-8"?>
<testsuite xmlns:xsi="http://www.w3.org/2001/XMLSchema-instance" xsi:noNamespaceSchemaLocation="https://maven.apache.org/surefire/maven-surefire-plugin/xsd/surefire-test-report.xsd" name="TestSuite" time="68.878" tests="3" errors="0" skipped="0" failures="0">
  <properties>
[...]
</properties>
  <testcase name="testsignin" classname="com.Testcases.AutomationPracticeWebsiteTestcase" time="19.342"/>
  <testcase name="testCreateAccount" classname="com.Testcases.AutomationPracticeWebsiteTestcase" time="25.738"/>
  <testcase name="LogIN" classname="com.Testcases.AutomationPracticeWebsiteTestcase" time="6.223"/>
</testsuite>